Arguments: 
  /Users/takashi.udagawa/.ndenv/versions/v8.10.0/bin/node /usr/local/bin/yarn lint

PATH: 
  /Users/takashi.udagawa/.ndenv/versions/v8.10.0/bin:/usr/local/Cellar/ndenv/0.4.0/libexec:/Users/takashi.udagawa/.ndenv/plugins/node-build/bin:/Users/takashi.udagawa/ndenv/bin:/usr/local/Cellar/postgresql/10.5/bin/:/Users/takashi.udagawa/.rbenv/shims:/Users/takashi.udagawa/.rbenv/bin:/usr/local/bin:/usr/local/sbin:/usr/bin:/bin:/usr/sbin:/sbin:/Users/takashi.udagawa/.ndenv/shims:/Users/takashi.udagawa/ndenv/bin:/usr/local/Cellar/postgresql/10.5/bin/:/Users/takashi.udagawa/.rbenv/shims:/Users/takashi.udagawa/.rbenv/bin

Yarn version: 
  1.5.1

Node version: 
  8.10.0

Platform: 
  darwin x64

npm manifest: 
  No manifest

yarn manifest: 
  No manifest

Lockfile: 
  No lockfile

Trace: 
  Error: Couldn't find a package.json file in "/Users/takashi.udagawa/number-guessing-game"
      at new MessageError (/usr/local/lib/node_modules/yarn/lib/cli.js:186:110)
      at /usr/local/lib/node_modules/yarn/lib/cli.js:40048:15
      at Generator.next (<anonymous>)
      at step (/usr/local/lib/node_modules/yarn/lib/cli.js:98:30)
      at /usr/local/lib/node_modules/yarn/lib/cli.js:109:13
      at <anonymous>
